Using pre-set license
Built from '2021.1/staging' branch; Version is '2021.1.17f1 (03b40fe07a36) revision 242703'; Using compiler version '192528614'; Build Type 'Release'
OS: 'Windows 10 Home; OS build 19042.1288; Version 2009; 64bit' Language: 'no' Physical Memory: 15774 MB
BatchMode: 1, IsHumanControllingUs: 0, StartBugReporterOnCrash: 0, Is64bit: 1, IsPro: 0

 COMMAND LINE ARGUMENTS:
C:\Program Files\Unity\Hub\Editor\2021.1.17f1\Editor\Unity.exe
-adb2
-batchMode
-noUpm
-name
AssetImportWorker0
-projectPath
C:/Users/Kristina Hatlen/Documents/GitHub/Interval-Game/Interval Game
-logFile
Logs/AssetImportWorker0.log
-srvPort
61162
Successfully changed project path to: C:/Users/Kristina Hatlen/Documents/GitHub/Interval-Game/Interval Game
C:/Users/Kristina Hatlen/Documents/GitHub/Interval-Game/Interval Game
Using Asset Import Pipeline V2.
Refreshing native plugins compatible for Editor in 158.40 ms, found 4 plugins.
Preloading 0 native plugins for Editor in 0.00 ms.
Initialize engine version: 2021.1.17f1 (03b40fe07a36)
[Subsystems] Discovering subsystems at path C:/Program Files/Unity/Hub/Editor/2021.1.17f1/Editor/Data/Resources/UnitySubsystems
[Subsystems] Discovering subsystems at path C:/Users/Kristina Hatlen/Documents/GitHub/Interval-Game/Interval Game/Assets
GfxDevice: creating device client; threaded=0; jobified=0
Direct3D:
    Version:  Direct3D 11.0 [level 11.1]
    Renderer: NVIDIA GeForce RTX 3070 Laptop GPU (ID=0x249d)
    Vendor:   NVIDIA
    VRAM:     8044 MB
    Driver:   30.0.14.7168
Initialize mono
Mono path[0] = 'C:/Program Files/Unity/Hub/Editor/2021.1.17f1/Editor/Data/Managed'
Mono path[1] = 'C:/Program Files/Unity/Hub/Editor/2021.1.17f1/Editor/Data/MonoBleedingEdge/lib/mono/unityjit'
Mono config path = 'C:/Program Files/Unity/Hub/Editor/2021.1.17f1/Editor/Data/MonoBleedingEdge/etc'
Using monoOptions --debugger-agent=transport=dt_socket,embedding=1,server=y,suspend=n,address=127.0.0.1:56268
Begin MonoManager ReloadAssembly
Registering precompiled unity dll's ...
Register platform support module: C:/Program Files/Unity/Hub/Editor/2021.1.17f1/Editor/Data/PlaybackEngines/WebGLSupport/UnityEditor.WebGL.Extensions.dll
Register platform support module: C:/Program Files/Unity/Hub/Editor/2021.1.17f1/Editor/Data/PlaybackEngines/MacStandaloneSupport/UnityEditor.OSXStandalone.Extensions.dll
Register platform support module: C:/Program Files/Unity/Hub/Editor/2021.1.17f1/Editor/Data/PlaybackEngines/WindowsStandaloneSupport/UnityEditor.WindowsStandalone.Extensions.dll
Registered in 0.006140 seconds.
Native extension for WindowsStandalone target not found
Native extension for OSXStandalone target not found
Native extension for WebGL target not found
Refreshing native plugins compatible for Editor in 134.17 ms, found 4 plugins.
Preloading 0 native plugins for Editor in 0.00 ms.
Mono: successfully reloaded assembly
- Completed reload, in  2.181 seconds
Domain Reload Profiling:
	ReloadAssembly (2181ms)
		BeginReloadAssembly (109ms)
			ExecutionOrderSort (0ms)
			DisableScriptedObjects (0ms)
			BackupInstance (0ms)
			ReleaseScriptingObjects (0ms)
			CreateAndSetChildDomain (1ms)
		EndReloadAssembly (639ms)
			LoadAssemblies (104ms)
			RebuildTransferFunctionScriptingTraits (0ms)
			SetupTypeCache (194ms)
			ReleaseScriptCaches (0ms)
			RebuildScriptCaches (36ms)
			SetupLoadedEditorAssemblies (339ms)
				LogAssemblyErrors (0ms)
				InitializePlatformSupportModulesInManaged (12ms)
				SetLoadedEditorAssemblies (0ms)
				RefreshPlugins (134ms)
				BeforeProcessingInitializeOnLoad (2ms)
				ProcessInitializeOnLoadAttributes (150ms)
				ProcessInitializeOnLoadMethodAttributes (41ms)
				AfterProcessingInitializeOnLoad (0ms)
				EditorAssembliesLoaded (0ms)
			ExecutionOrderSort2 (0ms)
			AwakeInstancesAfterBackupRestoration (0ms)
Platform modules already initialized, skipping
Registering precompiled user dll's ...
Registered in 0.013465 seconds.
Begin MonoManager ReloadAssembly
Symbol file LoadedFromMemory doesn't match image C:\Users\Kristina Hatlen\Documents\GitHub\Interval-Game\Interval Game\Library\PackageCache\com.unity.visualscripting@1.6.1\Editor\VisualScripting.Core\Dependencies\YamlDotNet\Unity.VisualScripting.YamlDotNet.dll
Symbol file LoadedFromMemory doesn't match image C:\Users\Kristina Hatlen\Documents\GitHub\Interval-Game\Interval Game\Library\PackageCache\com.unity.visualscripting@1.6.1\Editor\VisualScripting.Core\Dependencies\DotNetZip\Unity.VisualScripting.IonicZip.dll
Native extension for WindowsStandalone target not found
Native extension for OSXStandalone target not found
Native extension for WebGL target not found
Refreshing native plugins compatible for Editor in 135.16 ms, found 4 plugins.
Preloading 0 native plugins for Editor in 0.00 ms.
Mono: successfully reloaded assembly
- Completed reload, in  1.822 seconds
Domain Reload Profiling:
	ReloadAssembly (1823ms)
		BeginReloadAssembly (211ms)
			ExecutionOrderSort (0ms)
			DisableScriptedObjects (7ms)
			BackupInstance (0ms)
			ReleaseScriptingObjects (0ms)
			CreateAndSetChildDomain (25ms)
		EndReloadAssembly (1522ms)
			LoadAssemblies (176ms)
			RebuildTransferFunctionScriptingTraits (0ms)
			SetupTypeCache (423ms)
			ReleaseScriptCaches (1ms)
			RebuildScriptCaches (65ms)
			SetupLoadedEditorAssemblies (753ms)
				LogAssemblyErrors (0ms)
				InitializePlatformSupportModulesInManaged (11ms)
				SetLoadedEditorAssemblies (0ms)
				RefreshPlugins (135ms)
				BeforeProcessingInitializeOnLoad (129ms)
				ProcessInitializeOnLoadAttributes (440ms)
				ProcessInitializeOnLoadMethodAttributes (23ms)
				AfterProcessingInitializeOnLoad (14ms)
				EditorAssembliesLoaded (0ms)
			ExecutionOrderSort2 (0ms)
			AwakeInstancesAfterBackupRestoration (8ms)
Platform modules already initialized, skipping
========================================================================
Worker process is ready to serve import requests
Launched and connected shader compiler UnityShaderCompiler.exe after 0.07 seconds
Refreshing native plugins compatible for Editor in 0.99 ms, found 4 plugins.
Preloading 0 native plugins for Editor in 0.00 ms.
Unloading 3675 Unused Serialized files (Serialized files now loaded: 0)
System memory in use before: 136.3 MB.
System memory in use after: 136.5 MB.

Unloading 32 unused Assets to reduce memory usage. Loaded Objects now: 4125.
Total: 4.408800 ms (FindLiveObjects: 0.321000 ms CreateObjectMapping: 0.134800 ms MarkObjects: 3.883100 ms  DeleteObjects: 0.068700 ms)

AssetImportParameters requested are different than current active one (requested -> active):
  custom:framework-win-MediaFoundation: 216162199b28c13a410421893ffa2e32 -> 
  custom:video-decoder-ogg-theora: a1e56fd34408186e4bbccfd4996cb3dc -> 
  custom:container-muxer-webm: aa71ff27fc2769a1b78a27578f13a17b -> 
  custom:container-demuxer-webm: 4f35f7cbe854078d1ac9338744f61a02 -> 
  custom:container-demuxer-ogg: 62fdf1f143b41e24485cea50d1cbac27 -> 
  custom:video-encoder-webm-vp8: eb34c28f22e8b96e1ab97ce403110664 -> 
  custom:video-codec-MediaFoundation-h265: 746d11721c4dcdbdad8f713fa42b33f4 -> 
  custom:video-decoder-webm-vp8: 9c59270c3fd7afecdb556c50c9e8de78 -> 
  custom:audio-decoder-ogg-vorbis: bf7c407c2cedff20999df2af8eb42d56 -> 
  custom:audio-encoder-webm-vorbis: bf7c407c2cedff20999df2af8eb42d56 -> 
========================================================================
Received Import Request.
  path: Assets/Scenes/Level 1.unity
  artifactKey: Guid(f7b0f111e7c09854586fa62a95f7be4f) Importer(815301076,1909f56bfc062723c751e8b465ee728b)
Start importing Assets/Scenes/Level 1.unity using Guid(f7b0f111e7c09854586fa62a95f7be4f) Importer(815301076,1909f56bfc062723c751e8b465ee728b)  -> (artifact id: 'da286a44c3cc26edf4eb09d121d0436a') in 0.020330 seconds 
========================================================================
Received Import Request.
  Time since last request: 782.100978 seconds.
  path: Assets/Scenes/Level 1.unity
  artifactKey: Guid(f7b0f111e7c09854586fa62a95f7be4f) Importer(815301076,1909f56bfc062723c751e8b465ee728b)
Start importing Assets/Scenes/Level 1.unity using Guid(f7b0f111e7c09854586fa62a95f7be4f) Importer(815301076,1909f56bfc062723c751e8b465ee728b)  -> (artifact id: 'b9a017f041803fef7977e7a9274d1ca6') in 0.005463 seconds 
========================================================================
Received Import Request.
  Time since last request: 1.684943 seconds.
  path: Assets/Scenes/Level 2.unity
  artifactKey: Guid(b1918121f9f1e79489e391b655761929) Importer(815301076,1909f56bfc062723c751e8b465ee728b)
Start importing Assets/Scenes/Level 2.unity using Guid(b1918121f9f1e79489e391b655761929) Importer(815301076,1909f56bfc062723c751e8b465ee728b)  -> (artifact id: 'd11fc7b67bdf771bb2b0c176d8e120ff') in 0.005765 seconds 
========================================================================
Received Import Request.
  Time since last request: 0.553609 seconds.
  path: Assets/Scenes/Level 3.unity
  artifactKey: Guid(6b7e7527b7784ac439b82f31f1ee94cd) Importer(815301076,1909f56bfc062723c751e8b465ee728b)
Start importing Assets/Scenes/Level 3.unity using Guid(6b7e7527b7784ac439b82f31f1ee94cd) Importer(815301076,1909f56bfc062723c751e8b465ee728b)  -> (artifact id: '7a9678589df7e5026bebb9e5a1cc3237') in 0.005674 seconds 
========================================================================
Received Import Request.
  Time since last request: 0.529346 seconds.
  path: Assets/Scenes/Level 4.unity
  artifactKey: Guid(270ceb74262d3d64f8842c74d41ecf47) Importer(815301076,1909f56bfc062723c751e8b465ee728b)
Start importing Assets/Scenes/Level 4.unity using Guid(270ceb74262d3d64f8842c74d41ecf47) Importer(815301076,1909f56bfc062723c751e8b465ee728b)  -> (artifact id: 'c26d36202fd03fb423c8cc9a18f2f5c7') in 0.005761 seconds 
========================================================================
Received Import Request.
  Time since last request: 0.447734 seconds.
  path: Assets/Scenes/Level 5.unity
  artifactKey: Guid(5f619e47e4fec534ab5a333fa48e3d35) Importer(815301076,1909f56bfc062723c751e8b465ee728b)
Start importing Assets/Scenes/Level 5.unity using Guid(5f619e47e4fec534ab5a333fa48e3d35) Importer(815301076,1909f56bfc062723c751e8b465ee728b)  -> (artifact id: '444725bcc162d7900333e70db40c2202') in 0.005824 seconds 
========================================================================
Received Import Request.
  Time since last request: 0.314557 seconds.
  path: Assets/Scenes/Level 6.unity
  artifactKey: Guid(a16f871007176f740bb089cce912631d) Importer(815301076,1909f56bfc062723c751e8b465ee728b)
Start importing Assets/Scenes/Level 6.unity using Guid(a16f871007176f740bb089cce912631d) Importer(815301076,1909f56bfc062723c751e8b465ee728b)  -> (artifact id: '8e85ebb5d22fea71528d083c6d05ae04') in 0.006226 seconds 
========================================================================
Received Import Request.
<<<<<<< Updated upstream
  Time since last request: 0.591187 seconds.
  path: Assets/Scenes/Level 7.unity
  artifactKey: Guid(1e4383b7fec0d50408834c2d71d45821) Importer(815301076,1909f56bfc062723c751e8b465ee728b)
Start importing Assets/Scenes/Level 7.unity using Guid(1e4383b7fec0d50408834c2d71d45821) Importer(815301076,1909f56bfc062723c751e8b465ee728b)  -> (artifact id: '8bc315ec605949b92ba0171babefd74e') in 0.007718 seconds 
=======
  Time since last request: 36.687207 seconds.
  path: Assets/Scenes/Menu Scene.unity
  artifactKey: Guid(2cda990e2423bbf4892e6590ba056729) Importer(815301076,1909f56bfc062723c751e8b465ee728b)
Start importing Assets/Scenes/Menu Scene.unity using Guid(2cda990e2423bbf4892e6590ba056729) Importer(815301076,1909f56bfc062723c751e8b465ee728b)  -> (artifact id: '2e82d937c20f5a32d3b8e40a44606f92') in 0.005538 seconds 
========================================================================
Received Import Request.
  Time since last request: 96.218701 seconds.
  path: Assets/Scenes/Level 2.unity
  artifactKey: Guid(d978361f4d810114fbd2eaaf7b701573) Importer(815301076,1909f56bfc062723c751e8b465ee728b)
Start importing Assets/Scenes/Level 2.unity using Guid(d978361f4d810114fbd2eaaf7b701573) Importer(815301076,1909f56bfc062723c751e8b465ee728b)  -> (artifact id: '91d4c7d1db99c8a6f23a5f21b06e337e') in 0.005414 seconds 
========================================================================
Received Import Request.
  Time since last request: 39.321837 seconds.
  path: Assets/Scenes/Level 3.unity
  artifactKey: Guid(58edac30334cfd84182c17d5d894b7eb) Importer(815301076,1909f56bfc062723c751e8b465ee728b)
Start importing Assets/Scenes/Level 3.unity using Guid(58edac30334cfd84182c17d5d894b7eb) Importer(815301076,1909f56bfc062723c751e8b465ee728b)  -> (artifact id: 'e8f78ca656ec921bcef011a391db522c') in 0.005607 seconds 
========================================================================
Received Import Request.
  Time since last request: 113.506766 seconds.
  path: Assets/Scenes/Level 4.unity
  artifactKey: Guid(0f038ab0c3a637144b8afa12e7bab0b1) Importer(815301076,1909f56bfc062723c751e8b465ee728b)
Start importing Assets/Scenes/Level 4.unity using Guid(0f038ab0c3a637144b8afa12e7bab0b1) Importer(815301076,1909f56bfc062723c751e8b465ee728b)  -> (artifact id: 'fa0d5aa23a86a22fb94501e7e71972f7') in 0.005743 seconds 
========================================================================
Received Import Request.
  Time since last request: 10.089197 seconds.
  path: Assets/Scenes/Level 5.unity
  artifactKey: Guid(3725dfe165a7f40459c87a9ae43873b1) Importer(815301076,1909f56bfc062723c751e8b465ee728b)
Start importing Assets/Scenes/Level 5.unity using Guid(3725dfe165a7f40459c87a9ae43873b1) Importer(815301076,1909f56bfc062723c751e8b465ee728b)  -> (artifact id: '16315bb8649d43ff3a50fe6f9f582e75') in 0.005426 seconds 
========================================================================
Received Import Request.
  Time since last request: 7.441510 seconds.
  path: Assets/Scenes/Level 6.unity
  artifactKey: Guid(c7f82f57c67c78e40833e8ec8bb56796) Importer(815301076,1909f56bfc062723c751e8b465ee728b)
Start importing Assets/Scenes/Level 6.unity using Guid(c7f82f57c67c78e40833e8ec8bb56796) Importer(815301076,1909f56bfc062723c751e8b465ee728b)  -> (artifact id: '2916ff017a174da47a15746bed054c53') in 0.005495 seconds 
========================================================================
Received Import Request.
  Time since last request: 10.697827 seconds.
  path: Assets/Scenes/Level 7.unity
  artifactKey: Guid(92064617bea9c7e488157a2d9424f6f3) Importer(815301076,1909f56bfc062723c751e8b465ee728b)
Start importing Assets/Scenes/Level 7.unity using Guid(92064617bea9c7e488157a2d9424f6f3) Importer(815301076,1909f56bfc062723c751e8b465ee728b)  -> (artifact id: '89ed783c92e6df7a5537ad1522b6b03a') in 0.007259 seconds 
========================================================================
Received Import Request.
  Time since last request: 580.260132 seconds.
  path: Assets/Sprites
  artifactKey: Guid(a303fcf76b95989499c1cb3126ddbbce) Importer(815301076,1909f56bfc062723c751e8b465ee728b)
Start importing Assets/Sprites using Guid(a303fcf76b95989499c1cb3126ddbbce) Importer(815301076,1909f56bfc062723c751e8b465ee728b)  -> (artifact id: 'e29a9dc90a4b43feb2e9be1eb7edc38a') in 0.005141 seconds 
========================================================================
Received Import Request.
  Time since last request: 67.022283 seconds.
  path: Assets/Sprites/Credits.png
  artifactKey: Guid(d6fc4de9cb90e9543811af73c09ecf95) Importer(815301076,1909f56bfc062723c751e8b465ee728b)
Start importing Assets/Sprites/Credits.png using Guid(d6fc4de9cb90e9543811af73c09ecf95) Importer(815301076,1909f56bfc062723c751e8b465ee728b)  -> (artifact id: 'e8c5d166eabafd5c5d3a22365cabf2e1') in 0.107504 seconds 
========================================================================
Received Import Request.
  Time since last request: 0.000132 seconds.
  path: Assets/Sprites/quit button.png
  artifactKey: Guid(a64df12467cf9e042ae2554545ca0177) Importer(815301076,1909f56bfc062723c751e8b465ee728b)
Start importing Assets/Sprites/quit button.png using Guid(a64df12467cf9e042ae2554545ca0177) Importer(815301076,1909f56bfc062723c751e8b465ee728b)  -> (artifact id: 'f4d0c74ec5cacc6092ec9ef8b2a0696c') in 0.129907 seconds 
========================================================================
Received Import Request.
  Time since last request: 0.000220 seconds.
  path: Assets/Sprites/Start Button.png
  artifactKey: Guid(7fd407883d13f664892cfa6043725a57) Importer(815301076,1909f56bfc062723c751e8b465ee728b)
Start importing Assets/Sprites/Start Button.png using Guid(7fd407883d13f664892cfa6043725a57) Importer(815301076,1909f56bfc062723c751e8b465ee728b)  -> (artifact id: '5aa8f0d4ce1ca123cc1efe00d3177307') in 0.010291 seconds 
>>>>>>> Stashed changes
